mode: set
github.com/siwodevilheart/bookings/cmd/web/main.go:22.13,24.16 2 0
github.com/siwodevilheart/bookings/cmd/web/main.go:28.2,34.16 3 0
github.com/siwodevilheart/bookings/cmd/web/main.go:24.16,26.3 1 0
github.com/siwodevilheart/bookings/cmd/web/main.go:34.16,36.3 1 0
github.com/siwodevilheart/bookings/cmd/web/main.go:40.18,53.16 10 1
github.com/siwodevilheart/bookings/cmd/web/main.go:57.2,62.12 6 1
github.com/siwodevilheart/bookings/cmd/web/main.go:53.16,56.3 2 0
github.com/siwodevilheart/bookings/cmd/web/middleware.go:9.45,18.2 3 1
github.com/siwodevilheart/bookings/cmd/web/middleware.go:20.50,22.2 1 1
github.com/siwodevilheart/bookings/cmd/web/route.go:12.49,36.2 18 1
